[debug] [2020-10-30T19:09:55.836Z] ----------------------------------------------------------------------
[debug] [2020-10-30T19:09:55.839Z] Command:       C:\Program Files\nodejs\node.exe C:\Users\raiaj\AppData\Roaming\npm\node_modules\firebase-tools\lib\bin\firebase.js deploy
[debug] [2020-10-30T19:09:55.839Z] CLI Version:   8.14.1
[debug] [2020-10-30T19:09:55.839Z] Platform:      win32
[debug] [2020-10-30T19:09:55.839Z] Node Version:  v12.18.4
[debug] [2020-10-30T19:09:55.841Z] Time:          Fri Oct 30 2020 19:09:55 GMT+0000 (Greenwich Mean Time)
[debug] [2020-10-30T19:09:55.841Z] ----------------------------------------------------------------------
[debug] [2020-10-30T19:09:55.841Z] 
[debug] [2020-10-30T19:09:55.850Z] > command requires scopes: ["email","openid","https://www.googleapis.com/auth/cloudplatformprojects.readonly","https://www.googleapis.com/auth/firebase","https://www.googleapis.com/auth/cloud-platform"]
[debug] [2020-10-30T19:09:55.850Z] > authorizing via signed-in user
[debug] [2020-10-30T19:09:55.850Z] [iam] checking project bro-online for permissions ["cloudfunctions.functions.create","cloudfunctions.functions.delete","cloudfunctions.functions.get","cloudfunctions.functions.list","cloudfunctions.functions.update","cloudfunctions.operations.get","firebase.projects.get"]
[debug] [2020-10-30T19:09:55.853Z] >>> HTTP REQUEST POST https://cloudresourcemanager.googleapis.com/v1/projects/bro-online:testIamPermissions  
 {"permissions":["cloudfunctions.functions.create","cloudfunctions.functions.delete","cloudfunctions.functions.get","cloudfunctions.functions.list","cloudfunctions.functions.update","cloudfunctions.operations.get","firebase.projects.get"]}
[debug] [2020-10-30T19:09:56.655Z] <<< HTTP RESPONSE 200 {"content-type":"application/json; charset=UTF-8","vary":"X-Origin, Referer, Origin,Accept-Encoding","date":"Fri, 30 Oct 2020 19:09:55 GMT","server":"ESF","cache-control":"private","x-xss-protection":"0","x-frame-options":"SAMEORIGIN","x-content-type-options":"nosniff","server-timing":"gfet4t7; dur=561","alt-svc":"h3-Q050=\":443\"; ma=2592000,h3-29=\":443\"; ma=2592000,h3-T051=\":443\"; ma=2592000,h3-T050=\":443\"; ma=2592000,h3-Q046=\":443\"; ma=2592000,h3-Q043=\":443\"; ma=2592000,quic=\":443\"; ma=2592000; v=\"46,43\"","accept-ranges":"none","transfer-encoding":"chunked"}
[debug] [2020-10-30T19:09:56.659Z] >>> HTTP REQUEST POST https://iam.googleapis.com/v1/projects/bro-online/serviceAccounts/bro-online@appspot.gserviceaccount.com:testIamPermissions  
 {"permissions":["iam.serviceAccounts.actAs"]}
[debug] [2020-10-30T19:09:56.961Z] <<< HTTP RESPONSE 200 {"content-type":"application/json; charset=UTF-8","vary":"X-Origin, Referer, Origin,Accept-Encoding","date":"Fri, 30 Oct 2020 19:09:55 GMT","server":"ESF","cache-control":"private","x-xss-protection":"0","x-frame-options":"SAMEORIGIN","x-content-type-options":"nosniff","alt-svc":"h3-Q050=\":443\"; ma=2592000,h3-29=\":443\"; ma=2592000,h3-T051=\":443\"; ma=2592000,h3-T050=\":443\"; ma=2592000,h3-Q046=\":443\"; ma=2592000,h3-Q043=\":443\"; ma=2592000,quic=\":443\"; ma=2592000; v=\"46,43\"","accept-ranges":"none","transfer-encoding":"chunked"}
[info] 
[info] === Deploying to 'bro-online'...
[info] 
[info] i  deploying functions 
[debug] [2020-10-30T19:10:01.315Z] > [functions] package.json contents: {
  "name": "functions",
  "description": "Cloud Functions for Firebase",
  "scripts": {
    "serve": "firebase emulators:start --only functions",
    "shell": "firebase functions:shell",
    "start": "npm run shell",
    "deploy": "firebase deploy --only functions",
    "logs": "firebase functions:log"
  },
  "engines": {
    "node": "10"
  },
  "main": "index.js",
  "dependencies": {
    "express": "^4.17.1",
    "firebase-admin": "^8.10.0",
    "firebase-functions": "^3.6.1"
  },
  "devDependencies": {
    "firebase-functions-test": "^0.2.0"
  },
  "private": true
}
[info] i  functions: ensuring required API cloudfunctions.googleapis.com is enabled... 
[info] i  functions: ensuring required API cloudbuild.googleapis.com is enabled... 
[debug] [2020-10-30T19:10:03.282Z] >>> HTTP REQUEST GET https://serviceusage.googleapis.com/v1/projects/bro-online/services/cloudfunctions.googleapis.com  
 
[debug] [2020-10-30T19:10:03.282Z] >>> HTTP REQUEST GET https://serviceusage.googleapis.com/v1/projects/bro-online/services/runtimeconfig.googleapis.com  
 
[debug] [2020-10-30T19:10:03.282Z] >>> HTTP REQUEST GET https://serviceusage.googleapis.com/v1/projects/bro-online/services/cloudbuild.googleapis.com  
 
[debug] [2020-10-30T19:10:04.130Z] <<< HTTP RESPONSE 200 {"content-type":"application/json; charset=UTF-8","vary":"X-Origin, Referer, Origin,Accept-Encoding","date":"Fri, 30 Oct 2020 19:10:03 GMT","server":"ESF","cache-control":"private","x-xss-protection":"0","x-frame-options":"SAMEORIGIN","x-content-type-options":"nosniff","alt-svc":"h3-Q050=\":443\"; ma=2592000,h3-29=\":443\"; ma=2592000,h3-T051=\":443\"; ma=2592000,h3-T050=\":443\"; ma=2592000,h3-Q046=\":443\"; ma=2592000,h3-Q043=\":443\"; ma=2592000,quic=\":443\"; ma=2592000; v=\"46,43\"","accept-ranges":"none","transfer-encoding":"chunked"}
[debug] [2020-10-30T19:10:04.154Z] <<< HTTP RESPONSE 200 {"content-type":"application/json; charset=UTF-8","vary":"X-Origin, Referer, Origin,Accept-Encoding","date":"Fri, 30 Oct 2020 19:10:03 GMT","server":"ESF","cache-control":"private","x-xss-protection":"0","x-frame-options":"SAMEORIGIN","x-content-type-options":"nosniff","alt-svc":"h3-Q050=\":443\"; ma=2592000,h3-29=\":443\"; ma=2592000,h3-T051=\":443\"; ma=2592000,h3-T050=\":443\"; ma=2592000,h3-Q046=\":443\"; ma=2592000,h3-Q043=\":443\"; ma=2592000,quic=\":443\"; ma=2592000; v=\"46,43\"","accept-ranges":"none","transfer-encoding":"chunked"}
[info] +  functions: required API cloudbuild.googleapis.com is enabled 
[debug] [2020-10-30T19:10:04.169Z] <<< HTTP RESPONSE 200 {"content-type":"application/json; charset=UTF-8","vary":"X-Origin, Referer, Origin,Accept-Encoding","date":"Fri, 30 Oct 2020 19:10:03 GMT","server":"ESF","cache-control":"private","x-xss-protection":"0","x-frame-options":"SAMEORIGIN","x-content-type-options":"nosniff","alt-svc":"h3-Q050=\":443\"; ma=2592000,h3-29=\":443\"; ma=2592000,h3-T051=\":443\"; ma=2592000,h3-T050=\":443\"; ma=2592000,h3-Q046=\":443\"; ma=2592000,h3-Q043=\":443\"; ma=2592000,quic=\":443\"; ma=2592000; v=\"46,43\"","accept-ranges":"none","transfer-encoding":"chunked"}
[info] +  functions: required API cloudfunctions.googleapis.com is enabled 
[debug] [2020-10-30T19:10:04.171Z] >>> HTTP REQUEST GET https://firebase.googleapis.com/v1beta1/projects/bro-online/adminSdkConfig  
 
[debug] [2020-10-30T19:10:04.640Z] <<< HTTP RESPONSE 200 {"content-type":"application/json; charset=UTF-8","vary":"X-Origin, Referer, Origin,Accept-Encoding","date":"Fri, 30 Oct 2020 19:10:03 GMT","server":"ESF","cache-control":"private","x-xss-protection":"0","x-frame-options":"SAMEORIGIN","x-content-type-options":"nosniff","alt-svc":"h3-Q050=\":443\"; ma=2592000,h3-29=\":443\"; ma=2592000,h3-T051=\":443\"; ma=2592000,h3-T050=\":443\"; ma=2592000,h3-Q046=\":443\"; ma=2592000,h3-Q043=\":443\"; ma=2592000,quic=\":443\"; ma=2592000; v=\"46,43\"","accept-ranges":"none","transfer-encoding":"chunked"}
[info] i  functions: preparing functions directory for uploading... 
[debug] [2020-10-30T19:10:04.642Z] >>> HTTP REQUEST GET https://runtimeconfig.googleapis.com/v1beta1/projects/bro-online/configs  
 
[debug] [2020-10-30T19:10:05.563Z] <<< HTTP RESPONSE 200 {"content-type":"application/json; charset=UTF-8","vary":"X-Origin, Referer, Origin,Accept-Encoding","date":"Fri, 30 Oct 2020 19:10:04 GMT","server":"ESF","cache-control":"private","x-xss-protection":"0","x-frame-options":"SAMEORIGIN","x-content-type-options":"nosniff","alt-svc":"h3-Q050=\":443\"; ma=2592000,h3-29=\":443\"; ma=2592000,h3-T051=\":443\"; ma=2592000,h3-T050=\":443\"; ma=2592000,h3-Q046=\":443\"; ma=2592000,h3-Q043=\":443\"; ma=2592000,quic=\":443\"; ma=2592000; v=\"46,43\"","accept-ranges":"none","transfer-encoding":"chunked"}
[info] i  functions: packaged functions (27.79 KB) for uploading 
[debug] [2020-10-30T19:10:06.299Z] >>> HTTP REQUEST GET https://cloudfunctions.googleapis.com/v1/projects/bro-online/locations/-/functions  
 
[debug] [2020-10-30T19:10:06.998Z] <<< HTTP RESPONSE 200 {"content-type":"application/json; charset=UTF-8","vary":"X-Origin, Referer, Origin,Accept-Encoding","date":"Fri, 30 Oct 2020 19:10:06 GMT","server":"ESF","cache-control":"private","x-xss-protection":"0","x-frame-options":"SAMEORIGIN","x-content-type-options":"nosniff","alt-svc":"h3-Q050=\":443\"; ma=2592000,h3-29=\":443\"; ma=2592000,h3-T051=\":443\"; ma=2592000,h3-T050=\":443\"; ma=2592000,h3-Q046=\":443\"; ma=2592000,h3-Q043=\":443\"; ma=2592000,quic=\":443\"; ma=2592000; v=\"46,43\"","accept-ranges":"none","transfer-encoding":"chunked"}
[debug] [2020-10-30T19:10:07.003Z] >>> HTTP REQUEST POST https://cloudfunctions.googleapis.com/v1/projects/bro-online/locations/us-central1/functions:generateUploadUrl  
 
[debug] [2020-10-30T19:10:08.226Z] <<< HTTP RESPONSE 200 {"content-type":"application/json; charset=UTF-8","vary":"X-Origin, Referer, Origin,Accept-Encoding","date":"Fri, 30 Oct 2020 19:10:07 GMT","server":"ESF","cache-control":"private","x-xss-protection":"0","x-frame-options":"SAMEORIGIN","x-content-type-options":"nosniff","alt-svc":"h3-Q050=\":443\"; ma=2592000,h3-29=\":443\"; ma=2592000,h3-T051=\":443\"; ma=2592000,h3-T050=\":443\"; ma=2592000,h3-Q046=\":443\"; ma=2592000,h3-Q043=\":443\"; ma=2592000,quic=\":443\"; ma=2592000; v=\"46,43\"","accept-ranges":"none","transfer-encoding":"chunked"}
[debug] [2020-10-30T19:10:08.229Z] >>> HTTP REQUEST PUT https://storage.googleapis.com/gcf-upload-us-central1-2f6028fc-15d5-444d-8412-eb0903578a2a/5d9ac102-e522-47b4-9d93-769ee6da08a6.zip?GoogleAccessId=service-56379473014@gcf-admin-robot.iam.gserviceaccount.com&Expires=1604086806&Signature=sK9Is%2FFVoLOFrNUKzpdzZ7smC9cJWpuvdYIFQRawIkD1qzweTGVPb7WOYs6koUeXrZNZjzPOfNULahOy%2FBkM7aWQNCZ0Zcd8obGOT2GUa5%2FPEbKGvESIGbKQCu4B%2FQ9AoeoAZt1eflrQHHEhMPHVO5tSuGMNLFSO3LZ3kmAaxCBrzH4lgpUMSIxKzFDrnDEJbTkjKCmAnOYHdap2XI%2FW5XWfVN78YdJFdplFSfPZJ9o74M%2BGy6TVw426an0VXOche8MFB6Dx9Cf5sHC9I%2BL00kgWje1pPLyzauFdTJyWnbHLrqereIuSbVq6YCsHsd5nBQuZCdHGO759Pig1MLBw2g%3D%3D  
 <request body omitted>
[debug] [2020-10-30T19:10:08.635Z] <<< HTTP RESPONSE 200 {"x-guploader-uploadid":"ABg5-UxjcQ8Ny4Ysv7NfK03xaaLOSINg0tB7itO9ILY7P5-kFk6N59Gbn8C4uB5LZsnHDLGsWX1dWYLZy3p3bi2TbA","etag":"\"1ea733ebf3c33aecfb2bb76b1ae459b4\"","x-goog-generation":"1604085007611327","x-goog-metageneration":"1","x-goog-hash":"crc32c=K9ak5g==, md5=Hqcz6/PDOuz7K7drGuRZtA==","x-goog-stored-content-length":"28461","x-goog-stored-content-encoding":"identity","vary":"Origin","content-length":"0","date":"Fri, 30 Oct 2020 19:10:07 GMT","server":"UploadServer","content-type":"text/html; charset=UTF-8","alt-svc":"h3-Q050=\":443\"; ma=2592000,h3-29=\":443\"; ma=2592000,h3-T051=\":443\"; ma=2592000,h3-T050=\":443\"; ma=2592000,h3-Q046=\":443\"; ma=2592000,h3-Q043=\":443\"; ma=2592000,quic=\":443\"; ma=2592000; v=\"46,43\""}
[info] +  functions: functions folder uploaded successfully 
[info] i  functions: updating Node.js 10 function api(europe-west2)... 
[debug] [2020-10-30T19:10:08.650Z] Trigger is:  {"httpsTrigger":{}}
[debug] [2020-10-30T19:10:08.653Z] >>> HTTP REQUEST PATCH https://cloudfunctions.googleapis.com/v1/projects/bro-online/locations/europe-west2/functions/api {"updateMask":"sourceUploadUrl,name,labels,runtime,environmentVariables,httpsTrigger"} 
 {"sourceUploadUrl":"https://storage.googleapis.com/gcf-upload-us-central1-2f6028fc-15d5-444d-8412-eb0903578a2a/5d9ac102-e522-47b4-9d93-769ee6da08a6.zip?GoogleAccessId=service-56379473014@gcf-admin-robot.iam.gserviceaccount.com&Expires=1604086806&Signature=sK9Is%2FFVoLOFrNUKzpdzZ7smC9cJWpuvdYIFQRawIkD1qzweTGVPb7WOYs6koUeXrZNZjzPOfNULahOy%2FBkM7aWQNCZ0Zcd8obGOT2GUa5%2FPEbKGvESIGbKQCu4B%2FQ9AoeoAZt1eflrQHHEhMPHVO5tSuGMNLFSO3LZ3kmAaxCBrzH4lgpUMSIxKzFDrnDEJbTkjKCmAnOYHdap2XI%2FW5XWfVN78YdJFdplFSfPZJ9o74M%2BGy6TVw426an0VXOche8MFB6Dx9Cf5sHC9I%2BL00kgWje1pPLyzauFdTJyWnbHLrqereIuSbVq6YCsHsd5nBQuZCdHGO759Pig1MLBw2g%3D%3D","name":"projects/bro-online/locations/europe-west2/functions/api","labels":{"deployment-tool":"cli-firebase"},"httpsTrigger":{},"runtime":"nodejs10","environmentVariables":{"FIREBASE_CONFIG":"{\"projectId\":\"bro-online\",\"databaseURL\":\"https://bro-online.firebaseio.com\",\"storageBucket\":\"bro-online.appspot.com\",\"locationId\":\"europe-west2\"}"}}
[debug] [2020-10-30T19:10:09.556Z] <<< HTTP RESPONSE 200 {"content-type":"application/json; charset=UTF-8","vary":"X-Origin, Referer, Origin,Accept-Encoding","date":"Fri, 30 Oct 2020 19:10:08 GMT","server":"ESF","cache-control":"private","x-xss-protection":"0","x-frame-options":"SAMEORIGIN","x-content-type-options":"nosniff","alt-svc":"h3-Q050=\":443\"; ma=2592000,h3-29=\":443\"; ma=2592000,h3-T051=\":443\"; ma=2592000,h3-T050=\":443\"; ma=2592000,h3-Q046=\":443\"; ma=2592000,h3-Q043=\":443\"; ma=2592000,quic=\":443\"; ma=2592000; v=\"46,43\"","accept-ranges":"none","transfer-encoding":"chunked"}
[debug] [2020-10-30T19:10:09.559Z] >>> HTTP REQUEST GET https://cloudfunctions.googleapis.com/v1/projects/bro-online/locations/-/functions  
 
[debug] [2020-10-30T19:10:10.170Z] <<< HTTP RESPONSE 200 {"content-type":"application/json; charset=UTF-8","vary":"X-Origin, Referer, Origin,Accept-Encoding","date":"Fri, 30 Oct 2020 19:10:09 GMT","server":"ESF","cache-control":"private","x-xss-protection":"0","x-frame-options":"SAMEORIGIN","x-content-type-options":"nosniff","alt-svc":"h3-Q050=\":443\"; ma=2592000,h3-29=\":443\"; ma=2592000,h3-T051=\":443\"; ma=2592000,h3-T050=\":443\"; ma=2592000,h3-Q046=\":443\"; ma=2592000,h3-Q043=\":443\"; ma=2592000,quic=\":443\"; ma=2592000; v=\"46,43\"","accept-ranges":"none","transfer-encoding":"chunked"}
[debug] [2020-10-30T19:10:10.172Z] >>> HTTP REQUEST GET https://cloudfunctions.googleapis.com/v1/operations/YnJvLW9ubGluZS9ldXJvcGUtd2VzdDIvYXBpL3hDaU1zcGJXdFhn  
 
[debug] [2020-10-30T19:10:10.378Z] <<< HTTP RESPONSE 200 {"content-type":"application/json; charset=UTF-8","vary":"X-Origin, Referer, Origin,Accept-Encoding","date":"Fri, 30 Oct 2020 19:10:09 GMT","server":"ESF","cache-control":"private","x-xss-protection":"0","x-frame-options":"SAMEORIGIN","x-content-type-options":"nosniff","alt-svc":"h3-Q050=\":443\"; ma=2592000,h3-29=\":443\"; ma=2592000,h3-T051=\":443\"; ma=2592000,h3-T050=\":443\"; ma=2592000,h3-Q046=\":443\"; ma=2592000,h3-Q043=\":443\"; ma=2592000,quic=\":443\"; ma=2592000; v=\"46,43\"","accept-ranges":"none","transfer-encoding":"chunked"}
[debug] [2020-10-30T19:10:12.398Z] >>> HTTP REQUEST GET https://cloudfunctions.googleapis.com/v1/operations/YnJvLW9ubGluZS9ldXJvcGUtd2VzdDIvYXBpL3hDaU1zcGJXdFhn  
 
[debug] [2020-10-30T19:10:12.634Z] <<< HTTP RESPONSE 200 {"content-type":"application/json; charset=UTF-8","vary":"X-Origin, Referer, Origin,Accept-Encoding","date":"Fri, 30 Oct 2020 19:10:11 GMT","server":"ESF","cache-control":"private","x-xss-protection":"0","x-frame-options":"SAMEORIGIN","x-content-type-options":"nosniff","alt-svc":"h3-Q050=\":443\"; ma=2592000,h3-29=\":443\"; ma=2592000,h3-T051=\":443\"; ma=2592000,h3-T050=\":443\"; ma=2592000,h3-Q046=\":443\"; ma=2592000,h3-Q043=\":443\"; ma=2592000,quic=\":443\"; ma=2592000; v=\"46,43\"","accept-ranges":"none","transfer-encoding":"chunked"}
[debug] [2020-10-30T19:10:14.641Z] >>> HTTP REQUEST GET https://cloudfunctions.googleapis.com/v1/operations/YnJvLW9ubGluZS9ldXJvcGUtd2VzdDIvYXBpL3hDaU1zcGJXdFhn  
 
[debug] [2020-10-30T19:10:14.802Z] <<< HTTP RESPONSE 200 {"content-type":"application/json; charset=UTF-8","vary":"X-Origin, Referer, Origin,Accept-Encoding","date":"Fri, 30 Oct 2020 19:10:13 GMT","server":"ESF","cache-control":"private","x-xss-protection":"0","x-frame-options":"SAMEORIGIN","x-content-type-options":"nosniff","alt-svc":"h3-Q050=\":443\"; ma=2592000,h3-29=\":443\"; ma=2592000,h3-T051=\":443\"; ma=2592000,h3-T050=\":443\"; ma=2592000,h3-Q046=\":443\"; ma=2592000,h3-Q043=\":443\"; ma=2592000,quic=\":443\"; ma=2592000; v=\"46,43\"","accept-ranges":"none","transfer-encoding":"chunked"}
[debug] [2020-10-30T19:10:16.816Z] >>> HTTP REQUEST GET https://cloudfunctions.googleapis.com/v1/operations/YnJvLW9ubGluZS9ldXJvcGUtd2VzdDIvYXBpL3hDaU1zcGJXdFhn  
 
[debug] [2020-10-30T19:10:17.032Z] <<< HTTP RESPONSE 200 {"content-type":"application/json; charset=UTF-8","vary":"X-Origin, Referer, Origin,Accept-Encoding","date":"Fri, 30 Oct 2020 19:10:16 GMT","server":"ESF","cache-control":"private","x-xss-protection":"0","x-frame-options":"SAMEORIGIN","x-content-type-options":"nosniff","alt-svc":"h3-Q050=\":443\"; ma=2592000,h3-29=\":443\"; ma=2592000,h3-T051=\":443\"; ma=2592000,h3-T050=\":443\"; ma=2592000,h3-Q046=\":443\"; ma=2592000,h3-Q043=\":443\"; ma=2592000,quic=\":443\"; ma=2592000; v=\"46,43\"","accept-ranges":"none","transfer-encoding":"chunked"}
[debug] [2020-10-30T19:10:19.036Z] >>> HTTP REQUEST GET https://cloudfunctions.googleapis.com/v1/operations/YnJvLW9ubGluZS9ldXJvcGUtd2VzdDIvYXBpL3hDaU1zcGJXdFhn  
 
[debug] [2020-10-30T19:10:19.285Z] <<< HTTP RESPONSE 200 {"content-type":"application/json; charset=UTF-8","vary":"X-Origin, Referer, Origin,Accept-Encoding","date":"Fri, 30 Oct 2020 19:10:18 GMT","server":"ESF","cache-control":"private","x-xss-protection":"0","x-frame-options":"SAMEORIGIN","x-content-type-options":"nosniff","alt-svc":"h3-Q050=\":443\"; ma=2592000,h3-29=\":443\"; ma=2592000,h3-T051=\":443\"; ma=2592000,h3-T050=\":443\"; ma=2592000,h3-Q046=\":443\"; ma=2592000,h3-Q043=\":443\"; ma=2592000,quic=\":443\"; ma=2592000; v=\"46,43\"","accept-ranges":"none","transfer-encoding":"chunked"}
[debug] [2020-10-30T19:10:21.290Z] >>> HTTP REQUEST GET https://cloudfunctions.googleapis.com/v1/operations/YnJvLW9ubGluZS9ldXJvcGUtd2VzdDIvYXBpL3hDaU1zcGJXdFhn  
 
[debug] [2020-10-30T19:10:21.537Z] <<< HTTP RESPONSE 200 {"content-type":"application/json; charset=UTF-8","vary":"X-Origin, Referer, Origin,Accept-Encoding","date":"Fri, 30 Oct 2020 19:10:20 GMT","server":"ESF","cache-control":"private","x-xss-protection":"0","x-frame-options":"SAMEORIGIN","x-content-type-options":"nosniff","alt-svc":"h3-Q050=\":443\"; ma=2592000,h3-29=\":443\"; ma=2592000,h3-T051=\":443\"; ma=2592000,h3-T050=\":443\"; ma=2592000,h3-Q046=\":443\"; ma=2592000,h3-Q043=\":443\"; ma=2592000,quic=\":443\"; ma=2592000; v=\"46,43\"","accept-ranges":"none","transfer-encoding":"chunked"}
[debug] [2020-10-30T19:10:31.707Z] ----------------------------------------------------------------------
[debug] [2020-10-30T19:10:31.709Z] Command:       C:\Program Files\nodejs\node.exe C:\Users\raiaj\AppData\Roaming\npm\node_modules\firebase-tools\lib\bin\firebase.js serve
[debug] [2020-10-30T19:10:31.709Z] CLI Version:   8.14.1
[debug] [2020-10-30T19:10:31.709Z] Platform:      win32
[debug] [2020-10-30T19:10:31.709Z] Node Version:  v12.18.4
[debug] [2020-10-30T19:10:31.712Z] Time:          Fri Oct 30 2020 19:10:31 GMT+0000 (Greenwich Mean Time)
[debug] [2020-10-30T19:10:31.712Z] ----------------------------------------------------------------------
[debug] [2020-10-30T19:10:31.712Z] 
[debug] [2020-10-30T19:10:31.720Z] > command requires scopes: ["email","openid","https://www.googleapis.com/auth/cloudplatformprojects.readonly","https://www.googleapis.com/auth/firebase","https://www.googleapis.com/auth/cloud-platform"]
[debug] [2020-10-30T19:10:31.720Z] > authorizing via signed-in user
[debug] [2020-10-30T19:10:31.721Z] [iam] checking project bro-online for permissions ["firebase.projects.get"]
[debug] [2020-10-30T19:10:31.723Z] >>> HTTP REQUEST POST https://cloudresourcemanager.googleapis.com/v1/projects/bro-online:testIamPermissions  
 {"permissions":["firebase.projects.get"]}
[debug] [2020-10-30T19:10:32.528Z] <<< HTTP RESPONSE 200 {"content-type":"application/json; charset=UTF-8","vary":"X-Origin, Referer, Origin,Accept-Encoding","date":"Fri, 30 Oct 2020 19:10:31 GMT","server":"ESF","cache-control":"private","x-xss-protection":"0","x-frame-options":"SAMEORIGIN","x-content-type-options":"nosniff","server-timing":"gfet4t7; dur=555","alt-svc":"h3-Q050=\":443\"; ma=2592000,h3-29=\":443\"; ma=2592000,h3-T051=\":443\"; ma=2592000,h3-T050=\":443\"; ma=2592000,h3-Q046=\":443\"; ma=2592000,h3-Q043=\":443\"; ma=2592000,quic=\":443\"; ma=2592000; v=\"46,43\"","accept-ranges":"none","transfer-encoding":"chunked"}
[debug] [2020-10-30T19:10:32.532Z] >>> HTTP REQUEST GET https://firebase.googleapis.com/v1beta1/projects/bro-online  
 
[debug] [2020-10-30T19:10:32.912Z] <<< HTTP RESPONSE 200 {"content-type":"application/json; charset=UTF-8","vary":"X-Origin, Referer, Origin,Accept-Encoding","date":"Fri, 30 Oct 2020 19:10:31 GMT","server":"ESF","cache-control":"private","x-xss-protection":"0","x-frame-options":"SAMEORIGIN","x-content-type-options":"nosniff","alt-svc":"h3-Q050=\":443\"; ma=2592000,h3-29=\":443\"; ma=2592000,h3-T051=\":443\"; ma=2592000,h3-T050=\":443\"; ma=2592000,h3-Q046=\":443\"; ma=2592000,h3-Q043=\":443\"; ma=2592000,quic=\":443\"; ma=2592000; v=\"46,43\"","accept-ranges":"none","transfer-encoding":"chunked"}
[info] 
[info] === Serving from 'C:\Users\raiaj\Documents\University of Essex CS 10_7_18\Year 3\Gitlab\ce301_rai_ajaya\MVP\bro-online-functions'...
[info] 
[warn] !  Your requested "node" version "10" doesn't match your global version "12" {"metadata":{"emulator":{"name":"functions"},"message":"Your requested \"node\" version \"10\" doesn't match your global version \"12\""}}
[debug] [2020-10-30T19:10:34.947Z] defaultcredentials: writing to file C:\Users\raiaj\AppData\Roaming\firebase\ajayarai04_gmail_com_application_default_credentials.json
[debug] [2020-10-30T19:10:34.948Z] Setting GAC to C:\Users\raiaj\AppData\Roaming\firebase\ajayarai04_gmail_com_application_default_credentials.json {"metadata":{"emulator":{"name":"functions"},"message":"Setting GAC to C:\\Users\\raiaj\\AppData\\Roaming\\firebase\\ajayarai04_gmail_com_application_default_credentials.json"}}
[info] i  functions: Watching "C:\Users\raiaj\Documents\University of Essex CS 10_7_18\Year 3\Gitlab\ce301_rai_ajaya\MVP\bro-online-functions\functions" for Cloud Functions... {"metadata":{"emulator":{"name":"functions"},"message":"Watching \"C:\\Users\\raiaj\\Documents\\University of Essex CS 10_7_18\\Year 3\\Gitlab\\ce301_rai_ajaya\\MVP\\bro-online-functions\\functions\" for Cloud Functions..."}}
[debug] [2020-10-30T19:10:34.974Z] [worker-pool] addWorker(~diagnostic~) {"metadata":{"emulator":{"name":"functions"},"message":"[worker-pool] addWorker(~diagnostic~)"}}
[debug] [2020-10-30T19:10:34.974Z] [worker-pool] Adding worker with key ~diagnostic~, total=1 {"metadata":{"emulator":{"name":"functions"},"message":"[worker-pool] Adding worker with key ~diagnostic~, total=1"}}
[debug] [2020-10-30T19:10:34.974Z] [worker-pool] submitWork(triggerId=) {"metadata":{"emulator":{"name":"functions"},"message":"[worker-pool] submitWork(triggerId=)"}}
[debug] [2020-10-30T19:10:34.974Z] [worker-~diagnostic~-20de01da-a37a-40b9-bc15-7005ae1e6adb]: Assigning socketPath: \\?\pipe\C:\Users\raiaj\Documents\University of Essex CS 10_7_18\Year 3\Gitlab\ce301_rai_ajaya\MVP\bro-online-functions\functions\11576 {"metadata":{"emulator":{"name":"functions"},"message":"[worker-~diagnostic~-20de01da-a37a-40b9-bc15-7005ae1e6adb]: Assigning socketPath: \\\\?\\pipe\\C:\\Users\\raiaj\\Documents\\University of Essex CS 10_7_18\\Year 3\\Gitlab\\ce301_rai_ajaya\\MVP\\bro-online-functions\\functions\\11576"}}
[debug] [2020-10-30T19:10:34.975Z] [worker-~diagnostic~-20de01da-a37a-40b9-bc15-7005ae1e6adb]: BUSY {"metadata":{"emulator":{"name":"functions"},"message":"[worker-~diagnostic~-20de01da-a37a-40b9-bc15-7005ae1e6adb]: BUSY"}}
[debug] [2020-10-30T19:10:35.488Z] [runtime-status] [11576] Functions runtime initialized. {"cwd":"C:\\Users\\raiaj\\Documents\\University of Essex CS 10_7_18\\Year 3\\Gitlab\\ce301_rai_ajaya\\MVP\\bro-online-functions\\functions","node_version":"12.18.4"} {"metadata":{"emulator":{"name":"functions"},"message":"[runtime-status] [11576] Functions runtime initialized. {\"cwd\":\"C:\\\\Users\\\\raiaj\\\\Documents\\\\University of Essex CS 10_7_18\\\\Year 3\\\\Gitlab\\\\ce301_rai_ajaya\\\\MVP\\\\bro-online-functions\\\\functions\",\"node_version\":\"12.18.4\"}"}}
[debug] [2020-10-30T19:10:35.489Z] [runtime-status] [11576] Disabled runtime features: undefined {"metadata":{"emulator":{"name":"functions"},"message":"[runtime-status] [11576] Disabled runtime features: undefined"}}
[debug] [2020-10-30T19:10:35.499Z] [runtime-status] [11576] Resolved module firebase-admin {"declared":true,"installed":true,"version":"8.13.0","resolution":"C:\\Users\\raiaj\\Documents\\University of Essex CS 10_7_18\\Year 3\\Gitlab\\ce301_rai_ajaya\\MVP\\bro-online-functions\\functions\\node_modules\\firebase-admin\\lib\\index.js"} {"metadata":{"emulator":{"name":"functions"},"message":"[runtime-status] [11576] Resolved module firebase-admin {\"declared\":true,\"installed\":true,\"version\":\"8.13.0\",\"resolution\":\"C:\\\\Users\\\\raiaj\\\\Documents\\\\University of Essex CS 10_7_18\\\\Year 3\\\\Gitlab\\\\ce301_rai_ajaya\\\\MVP\\\\bro-online-functions\\\\functions\\\\node_modules\\\\firebase-admin\\\\lib\\\\index.js\"}"}}
[debug] [2020-10-30T19:10:35.501Z] [runtime-status] [11576] Resolved module firebase-functions {"declared":true,"installed":true,"version":"3.11.0","resolution":"C:\\Users\\raiaj\\Documents\\University of Essex CS 10_7_18\\Year 3\\Gitlab\\ce301_rai_ajaya\\MVP\\bro-online-functions\\functions\\node_modules\\firebase-functions\\lib\\index.js"} {"metadata":{"emulator":{"name":"functions"},"message":"[runtime-status] [11576] Resolved module firebase-functions {\"declared\":true,\"installed\":true,\"version\":\"3.11.0\",\"resolution\":\"C:\\\\Users\\\\raiaj\\\\Documents\\\\University of Essex CS 10_7_18\\\\Year 3\\\\Gitlab\\\\ce301_rai_ajaya\\\\MVP\\\\bro-online-functions\\\\functions\\\\node_modules\\\\firebase-functions\\\\lib\\\\index.js\"}"}}
[debug] [2020-10-30T19:10:35.502Z] [runtime-status] [11576] Resolved module firebase-functions {"declared":true,"installed":true,"version":"3.11.0","resolution":"C:\\Users\\raiaj\\Documents\\University of Essex CS 10_7_18\\Year 3\\Gitlab\\ce301_rai_ajaya\\MVP\\bro-online-functions\\functions\\node_modules\\firebase-functions\\lib\\index.js"} {"metadata":{"emulator":{"name":"functions"},"message":"[runtime-status] [11576] Resolved module firebase-functions {\"declared\":true,\"installed\":true,\"version\":\"3.11.0\",\"resolution\":\"C:\\\\Users\\\\raiaj\\\\Documents\\\\University of Essex CS 10_7_18\\\\Year 3\\\\Gitlab\\\\ce301_rai_ajaya\\\\MVP\\\\bro-online-functions\\\\functions\\\\node_modules\\\\firebase-functions\\\\lib\\\\index.js\"}"}}
[debug] [2020-10-30T19:10:35.503Z] [runtime-status] [11576] Outgoing network have been stubbed. [{"name":"http","status":"mocked"},{"name":"http","status":"mocked"},{"name":"https","status":"mocked"},{"name":"https","status":"mocked"},{"name":"net","status":"mocked"}] {"metadata":{"emulator":{"name":"functions"},"message":"[runtime-status] [11576] Outgoing network have been stubbed. [{\"name\":\"http\",\"status\":\"mocked\"},{\"name\":\"http\",\"status\":\"mocked\"},{\"name\":\"https\",\"status\":\"mocked\"},{\"name\":\"https\",\"status\":\"mocked\"},{\"name\":\"net\",\"status\":\"mocked\"}]"}}
[debug] [2020-10-30T19:10:35.504Z] [runtime-status] [11576] Resolved module firebase-functions {"declared":true,"installed":true,"version":"3.11.0","resolution":"C:\\Users\\raiaj\\Documents\\University of Essex CS 10_7_18\\Year 3\\Gitlab\\ce301_rai_ajaya\\MVP\\bro-online-functions\\functions\\node_modules\\firebase-functions\\lib\\index.js"} {"metadata":{"emulator":{"name":"functions"},"message":"[runtime-status] [11576] Resolved module firebase-functions {\"declared\":true,\"installed\":true,\"version\":\"3.11.0\",\"resolution\":\"C:\\\\Users\\\\raiaj\\\\Documents\\\\University of Essex CS 10_7_18\\\\Year 3\\\\Gitlab\\\\ce301_rai_ajaya\\\\MVP\\\\bro-online-functions\\\\functions\\\\node_modules\\\\firebase-functions\\\\lib\\\\index.js\"}"}}
[debug] [2020-10-30T19:10:35.559Z] [runtime-status] [11576] Checked functions.config() {"config":{}} {"metadata":{"emulator":{"name":"functions"},"message":"[runtime-status] [11576] Checked functions.config() {\"config\":{}}"}}
[debug] [2020-10-30T19:10:35.559Z] [runtime-status] [11576] firebase-functions has been stubbed. {"functionsResolution":{"declared":true,"installed":true,"version":"3.11.0","resolution":"C:\\Users\\raiaj\\Documents\\University of Essex CS 10_7_18\\Year 3\\Gitlab\\ce301_rai_ajaya\\MVP\\bro-online-functions\\functions\\node_modules\\firebase-functions\\lib\\index.js"}} {"metadata":{"emulator":{"name":"functions"},"message":"[runtime-status] [11576] firebase-functions has been stubbed. {\"functionsResolution\":{\"declared\":true,\"installed\":true,\"version\":\"3.11.0\",\"resolution\":\"C:\\\\Users\\\\raiaj\\\\Documents\\\\University of Essex CS 10_7_18\\\\Year 3\\\\Gitlab\\\\ce301_rai_ajaya\\\\MVP\\\\bro-online-functions\\\\functions\\\\node_modules\\\\firebase-functions\\\\lib\\\\index.js\"}}"}}
[debug] [2020-10-30T19:10:35.560Z] [runtime-status] [11576] Resolved module firebase-functions {"declared":true,"installed":true,"version":"3.11.0","resolution":"C:\\Users\\raiaj\\Documents\\University of Essex CS 10_7_18\\Year 3\\Gitlab\\ce301_rai_ajaya\\MVP\\bro-online-functions\\functions\\node_modules\\firebase-functions\\lib\\index.js"} {"metadata":{"emulator":{"name":"functions"},"message":"[runtime-status] [11576] Resolved module firebase-functions {\"declared\":true,\"installed\":true,\"version\":\"3.11.0\",\"resolution\":\"C:\\\\Users\\\\raiaj\\\\Documents\\\\University of Essex CS 10_7_18\\\\Year 3\\\\Gitlab\\\\ce301_rai_ajaya\\\\MVP\\\\bro-online-functions\\\\functions\\\\node_modules\\\\firebase-functions\\\\lib\\\\index.js\"}"}}
[debug] [2020-10-30T19:10:35.561Z] [runtime-status] [11576] Resolved module firebase-admin {"declared":true,"installed":true,"version":"8.13.0","resolution":"C:\\Users\\raiaj\\Documents\\University of Essex CS 10_7_18\\Year 3\\Gitlab\\ce301_rai_ajaya\\MVP\\bro-online-functions\\functions\\node_modules\\firebase-admin\\lib\\index.js"} {"metadata":{"emulator":{"name":"functions"},"message":"[runtime-status] [11576] Resolved module firebase-admin {\"declared\":true,\"installed\":true,\"version\":\"8.13.0\",\"resolution\":\"C:\\\\Users\\\\raiaj\\\\Documents\\\\University of Essex CS 10_7_18\\\\Year 3\\\\Gitlab\\\\ce301_rai_ajaya\\\\MVP\\\\bro-online-functions\\\\functions\\\\node_modules\\\\firebase-admin\\\\lib\\\\index.js\"}"}}
[debug] [2020-10-30T19:10:35.562Z] [runtime-status] [11576] Resolved module firebase-functions {"declared":true,"installed":true,"version":"3.11.0","resolution":"C:\\Users\\raiaj\\Documents\\University of Essex CS 10_7_18\\Year 3\\Gitlab\\ce301_rai_ajaya\\MVP\\bro-online-functions\\functions\\node_modules\\firebase-functions\\lib\\index.js"} {"metadata":{"emulator":{"name":"functions"},"message":"[runtime-status] [11576] Resolved module firebase-functions {\"declared\":true,\"installed\":true,\"version\":\"3.11.0\",\"resolution\":\"C:\\\\Users\\\\raiaj\\\\Documents\\\\University of Essex CS 10_7_18\\\\Year 3\\\\Gitlab\\\\ce301_rai_ajaya\\\\MVP\\\\bro-online-functions\\\\functions\\\\node_modules\\\\firebase-functions\\\\lib\\\\index.js\"}"}}
[debug] [2020-10-30T19:10:35.562Z] [runtime-status] [11576] firebase-admin has been stubbed. {"adminResolution":{"declared":true,"installed":true,"version":"8.13.0","resolution":"C:\\Users\\raiaj\\Documents\\University of Essex CS 10_7_18\\Year 3\\Gitlab\\ce301_rai_ajaya\\MVP\\bro-online-functions\\functions\\node_modules\\firebase-admin\\lib\\index.js"}} {"metadata":{"emulator":{"name":"functions"},"message":"[runtime-status] [11576] firebase-admin has been stubbed. {\"adminResolution\":{\"declared\":true,\"installed\":true,\"version\":\"8.13.0\",\"resolution\":\"C:\\\\Users\\\\raiaj\\\\Documents\\\\University of Essex CS 10_7_18\\\\Year 3\\\\Gitlab\\\\ce301_rai_ajaya\\\\MVP\\\\bro-online-functions\\\\functions\\\\node_modules\\\\firebase-admin\\\\lib\\\\index.js\"}}"}}
[debug] [2020-10-30T19:10:35.729Z] [runtime-status] [11576] initializeApp(DEFAULT) {"databaseURL":"https://bro-online.firebaseio.com","storageBucket":"bro-online.appspot.com","projectId":"bro-online"} {"metadata":{"emulator":{"name":"functions"},"message":"[runtime-status] [11576] initializeApp(DEFAULT) {\"databaseURL\":\"https://bro-online.firebaseio.com\",\"storageBucket\":\"bro-online.appspot.com\",\"projectId\":\"bro-online\"}"}}
[warn] !  functions: The Cloud Firestore emulator is not running, so calls to Firestore will affect production. {"metadata":{"emulator":{"name":"functions"},"message":"The Cloud Firestore emulator is not running, so calls to Firestore will affect production."}}
[info] +  functions[api]: http function initialized (http://localhost:5000/bro-online/europe-west2/api). {"metadata":{"emulator":{"name":"functions"},"message":"\u001b[1mhttp\u001b[22m function initialized (http://localhost:5000/bro-online/europe-west2/api)."}}
[debug] [2020-10-30T19:10:36.231Z] [worker-~diagnostic~-20de01da-a37a-40b9-bc15-7005ae1e6adb]: IDLE {"metadata":{"emulator":{"name":"functions"},"message":"[worker-~diagnostic~-20de01da-a37a-40b9-bc15-7005ae1e6adb]: IDLE"}}
[debug] [2020-10-30T19:10:39.150Z] [work-queue] {"queueLength":1,"workRunningCount":0}
[debug] [2020-10-30T19:10:39.151Z] [work-queue] {"queueLength":0,"workRunningCount":1}
[debug] [2020-10-30T19:10:39.151Z] Accepted request GET /bro-online/europe-west2/api --> api
[debug] [2020-10-30T19:10:39.164Z] [worker-pool] addWorker(api) {"metadata":{"emulator":{"name":"functions"},"message":"[worker-pool] addWorker(api)"}}
[debug] [2020-10-30T19:10:39.164Z] [worker-pool] Adding worker with key api, total=1 {"metadata":{"emulator":{"name":"functions"},"message":"[worker-pool] Adding worker with key api, total=1"}}
[debug] [2020-10-30T19:10:39.164Z] [worker-pool] submitWork(triggerId=api) {"metadata":{"emulator":{"name":"functions"},"message":"[worker-pool] submitWork(triggerId=api)"}}
[debug] [2020-10-30T19:10:39.164Z] [worker-api-00ef505e-3e47-401a-91a2-aed4d6405658]: Assigning socketPath: \\?\pipe\C:\Users\raiaj\Documents\University of Essex CS 10_7_18\Year 3\Gitlab\ce301_rai_ajaya\MVP\bro-online-functions\functions\21464 {"metadata":{"emulator":{"name":"functions"},"message":"[worker-api-00ef505e-3e47-401a-91a2-aed4d6405658]: Assigning socketPath: \\\\?\\pipe\\C:\\Users\\raiaj\\Documents\\University of Essex CS 10_7_18\\Year 3\\Gitlab\\ce301_rai_ajaya\\MVP\\bro-online-functions\\functions\\21464"}}
[debug] [2020-10-30T19:10:39.164Z] [worker-api-00ef505e-3e47-401a-91a2-aed4d6405658]: BUSY {"metadata":{"emulator":{"name":"functions"},"message":"[worker-api-00ef505e-3e47-401a-91a2-aed4d6405658]: BUSY"}}
[debug] [2020-10-30T19:10:40.043Z] [runtime-status] [21464] Functions runtime initialized. {"cwd":"C:\\Users\\raiaj\\Documents\\University of Essex CS 10_7_18\\Year 3\\Gitlab\\ce301_rai_ajaya\\MVP\\bro-online-functions\\functions","node_version":"12.18.4"} {"metadata":{"emulator":{"name":"functions"},"function":{"name":"api"},"message":"[runtime-status] [21464] Functions runtime initialized. {\"cwd\":\"C:\\\\Users\\\\raiaj\\\\Documents\\\\University of Essex CS 10_7_18\\\\Year 3\\\\Gitlab\\\\ce301_rai_ajaya\\\\MVP\\\\bro-online-functions\\\\functions\",\"node_version\":\"12.18.4\"}"}}
[debug] [2020-10-30T19:10:40.045Z] [runtime-status] [21464] Disabled runtime features: undefined {"metadata":{"emulator":{"name":"functions"},"function":{"name":"api"},"message":"[runtime-status] [21464] Disabled runtime features: undefined"}}
[debug] [2020-10-30T19:10:40.055Z] [runtime-status] [21464] Resolved module firebase-admin {"declared":true,"installed":true,"version":"8.13.0","resolution":"C:\\Users\\raiaj\\Documents\\University of Essex CS 10_7_18\\Year 3\\Gitlab\\ce301_rai_ajaya\\MVP\\bro-online-functions\\functions\\node_modules\\firebase-admin\\lib\\index.js"} {"metadata":{"emulator":{"name":"functions"},"function":{"name":"api"},"message":"[runtime-status] [21464] Resolved module firebase-admin {\"declared\":true,\"installed\":true,\"version\":\"8.13.0\",\"resolution\":\"C:\\\\Users\\\\raiaj\\\\Documents\\\\University of Essex CS 10_7_18\\\\Year 3\\\\Gitlab\\\\ce301_rai_ajaya\\\\MVP\\\\bro-online-functions\\\\functions\\\\node_modules\\\\firebase-admin\\\\lib\\\\index.js\"}"}}
[debug] [2020-10-30T19:10:40.057Z] [runtime-status] [21464] Resolved module firebase-functions {"declared":true,"installed":true,"version":"3.11.0","resolution":"C:\\Users\\raiaj\\Documents\\University of Essex CS 10_7_18\\Year 3\\Gitlab\\ce301_rai_ajaya\\MVP\\bro-online-functions\\functions\\node_modules\\firebase-functions\\lib\\index.js"} {"metadata":{"emulator":{"name":"functions"},"function":{"name":"api"},"message":"[runtime-status] [21464] Resolved module firebase-functions {\"declared\":true,\"installed\":true,\"version\":\"3.11.0\",\"resolution\":\"C:\\\\Users\\\\raiaj\\\\Documents\\\\University of Essex CS 10_7_18\\\\Year 3\\\\Gitlab\\\\ce301_rai_ajaya\\\\MVP\\\\bro-online-functions\\\\functions\\\\node_modules\\\\firebase-functions\\\\lib\\\\index.js\"}"}}
[debug] [2020-10-30T19:10:40.058Z] [runtime-status] [21464] Resolved module firebase-functions {"declared":true,"installed":true,"version":"3.11.0","resolution":"C:\\Users\\raiaj\\Documents\\University of Essex CS 10_7_18\\Year 3\\Gitlab\\ce301_rai_ajaya\\MVP\\bro-online-functions\\functions\\node_modules\\firebase-functions\\lib\\index.js"} {"metadata":{"emulator":{"name":"functions"},"function":{"name":"api"},"message":"[runtime-status] [21464] Resolved module firebase-functions {\"declared\":true,\"installed\":true,\"version\":\"3.11.0\",\"resolution\":\"C:\\\\Users\\\\raiaj\\\\Documents\\\\University of Essex CS 10_7_18\\\\Year 3\\\\Gitlab\\\\ce301_rai_ajaya\\\\MVP\\\\bro-online-functions\\\\functions\\\\node_modules\\\\firebase-functions\\\\lib\\\\index.js\"}"}}
[debug] [2020-10-30T19:10:40.060Z] [runtime-status] [21464] Outgoing network have been stubbed. [{"name":"http","status":"mocked"},{"name":"http","status":"mocked"},{"name":"https","status":"mocked"},{"name":"https","status":"mocked"},{"name":"net","status":"mocked"}] {"metadata":{"emulator":{"name":"functions"},"function":{"name":"api"},"message":"[runtime-status] [21464] Outgoing network have been stubbed. [{\"name\":\"http\",\"status\":\"mocked\"},{\"name\":\"http\",\"status\":\"mocked\"},{\"name\":\"https\",\"status\":\"mocked\"},{\"name\":\"https\",\"status\":\"mocked\"},{\"name\":\"net\",\"status\":\"mocked\"}]"}}
[debug] [2020-10-30T19:10:40.061Z] [runtime-status] [21464] Resolved module firebase-functions {"declared":true,"installed":true,"version":"3.11.0","resolution":"C:\\Users\\raiaj\\Documents\\University of Essex CS 10_7_18\\Year 3\\Gitlab\\ce301_rai_ajaya\\MVP\\bro-online-functions\\functions\\node_modules\\firebase-functions\\lib\\index.js"} {"metadata":{"emulator":{"name":"functions"},"function":{"name":"api"},"message":"[runtime-status] [21464] Resolved module firebase-functions {\"declared\":true,\"installed\":true,\"version\":\"3.11.0\",\"resolution\":\"C:\\\\Users\\\\raiaj\\\\Documents\\\\University of Essex CS 10_7_18\\\\Year 3\\\\Gitlab\\\\ce301_rai_ajaya\\\\MVP\\\\bro-online-functions\\\\functions\\\\node_modules\\\\firebase-functions\\\\lib\\\\index.js\"}"}}
[debug] [2020-10-30T19:10:40.141Z] [runtime-status] [21464] Checked functions.config() {"config":{}} {"metadata":{"emulator":{"name":"functions"},"function":{"name":"api"},"message":"[runtime-status] [21464] Checked functions.config() {\"config\":{}}"}}
[debug] [2020-10-30T19:10:40.141Z] [runtime-status] [21464] firebase-functions has been stubbed. {"functionsResolution":{"declared":true,"installed":true,"version":"3.11.0","resolution":"C:\\Users\\raiaj\\Documents\\University of Essex CS 10_7_18\\Year 3\\Gitlab\\ce301_rai_ajaya\\MVP\\bro-online-functions\\functions\\node_modules\\firebase-functions\\lib\\index.js"}} {"metadata":{"emulator":{"name":"functions"},"function":{"name":"api"},"message":"[runtime-status] [21464] firebase-functions has been stubbed. {\"functionsResolution\":{\"declared\":true,\"installed\":true,\"version\":\"3.11.0\",\"resolution\":\"C:\\\\Users\\\\raiaj\\\\Documents\\\\University of Essex CS 10_7_18\\\\Year 3\\\\Gitlab\\\\ce301_rai_ajaya\\\\MVP\\\\bro-online-functions\\\\functions\\\\node_modules\\\\firebase-functions\\\\lib\\\\index.js\"}}"}}
[debug] [2020-10-30T19:10:40.142Z] [runtime-status] [21464] Resolved module firebase-functions {"declared":true,"installed":true,"version":"3.11.0","resolution":"C:\\Users\\raiaj\\Documents\\University of Essex CS 10_7_18\\Year 3\\Gitlab\\ce301_rai_ajaya\\MVP\\bro-online-functions\\functions\\node_modules\\firebase-functions\\lib\\index.js"} {"metadata":{"emulator":{"name":"functions"},"function":{"name":"api"},"message":"[runtime-status] [21464] Resolved module firebase-functions {\"declared\":true,\"installed\":true,\"version\":\"3.11.0\",\"resolution\":\"C:\\\\Users\\\\raiaj\\\\Documents\\\\University of Essex CS 10_7_18\\\\Year 3\\\\Gitlab\\\\ce301_rai_ajaya\\\\MVP\\\\bro-online-functions\\\\functions\\\\node_modules\\\\firebase-functions\\\\lib\\\\index.js\"}"}}
[debug] [2020-10-30T19:10:40.144Z] [runtime-status] [21464] Resolved module firebase-admin {"declared":true,"installed":true,"version":"8.13.0","resolution":"C:\\Users\\raiaj\\Documents\\University of Essex CS 10_7_18\\Year 3\\Gitlab\\ce301_rai_ajaya\\MVP\\bro-online-functions\\functions\\node_modules\\firebase-admin\\lib\\index.js"} {"metadata":{"emulator":{"name":"functions"},"function":{"name":"api"},"message":"[runtime-status] [21464] Resolved module firebase-admin {\"declared\":true,\"installed\":true,\"version\":\"8.13.0\",\"resolution\":\"C:\\\\Users\\\\raiaj\\\\Documents\\\\University of Essex CS 10_7_18\\\\Year 3\\\\Gitlab\\\\ce301_rai_ajaya\\\\MVP\\\\bro-online-functions\\\\functions\\\\node_modules\\\\firebase-admin\\\\lib\\\\index.js\"}"}}
[debug] [2020-10-30T19:10:40.144Z] [runtime-status] [21464] Resolved module firebase-functions {"declared":true,"installed":true,"version":"3.11.0","resolution":"C:\\Users\\raiaj\\Documents\\University of Essex CS 10_7_18\\Year 3\\Gitlab\\ce301_rai_ajaya\\MVP\\bro-online-functions\\functions\\node_modules\\firebase-functions\\lib\\index.js"} {"metadata":{"emulator":{"name":"functions"},"function":{"name":"api"},"message":"[runtime-status] [21464] Resolved module firebase-functions {\"declared\":true,\"installed\":true,\"version\":\"3.11.0\",\"resolution\":\"C:\\\\Users\\\\raiaj\\\\Documents\\\\University of Essex CS 10_7_18\\\\Year 3\\\\Gitlab\\\\ce301_rai_ajaya\\\\MVP\\\\bro-online-functions\\\\functions\\\\node_modules\\\\firebase-functions\\\\lib\\\\index.js\"}"}}
[debug] [2020-10-30T19:10:40.145Z] [runtime-status] [21464] firebase-admin has been stubbed. {"adminResolution":{"declared":true,"installed":true,"version":"8.13.0","resolution":"C:\\Users\\raiaj\\Documents\\University of Essex CS 10_7_18\\Year 3\\Gitlab\\ce301_rai_ajaya\\MVP\\bro-online-functions\\functions\\node_modules\\firebase-admin\\lib\\index.js"}} {"metadata":{"emulator":{"name":"functions"},"function":{"name":"api"},"message":"[runtime-status] [21464] firebase-admin has been stubbed. {\"adminResolution\":{\"declared\":true,\"installed\":true,\"version\":\"8.13.0\",\"resolution\":\"C:\\\\Users\\\\raiaj\\\\Documents\\\\University of Essex CS 10_7_18\\\\Year 3\\\\Gitlab\\\\ce301_rai_ajaya\\\\MVP\\\\bro-online-functions\\\\functions\\\\node_modules\\\\firebase-admin\\\\lib\\\\index.js\"}}"}}
[debug] [2020-10-30T19:10:40.416Z] [runtime-status] [21464] initializeApp(DEFAULT) {"databaseURL":"https://bro-online.firebaseio.com","storageBucket":"bro-online.appspot.com","projectId":"bro-online"} {"metadata":{"emulator":{"name":"functions"},"function":{"name":"api"},"message":"[runtime-status] [21464] initializeApp(DEFAULT) {\"databaseURL\":\"https://bro-online.firebaseio.com\",\"storageBucket\":\"bro-online.appspot.com\",\"projectId\":\"bro-online\"}"}}
[debug] [2020-10-30T19:10:41.167Z] [runtime-status] [21464] Trigger "api" has been found, beginning invocation! {"metadata":{"emulator":{"name":"functions"},"function":{"name":"api"},"message":"[runtime-status] [21464] Trigger \"api\" has been found, beginning invocation!"}}
[info] i  functions: Beginning execution of "api" {"metadata":{"emulator":{"name":"functions"},"function":{"name":"api"},"message":"Beginning execution of \"api\""}}
[debug] [2020-10-30T19:10:41.169Z] [runtime-status] [21464] triggerDefinition {"regions":["europe-west2"],"httpsTrigger":{},"name":"api","entryPoint":"api"} {"metadata":{"emulator":{"name":"functions"},"function":{"name":"api"},"message":"[runtime-status] [21464] triggerDefinition {\"regions\":[\"europe-west2\"],\"httpsTrigger\":{},\"name\":\"api\",\"entryPoint\":\"api\"}"}}
[debug] [2020-10-30T19:10:41.169Z] [runtime-status] [21464] Running api in mode HTTPS {"metadata":{"emulator":{"name":"functions"},"function":{"name":"api"},"message":"[runtime-status] [21464] Running api in mode HTTPS"}}
[debug] [2020-10-30T19:10:41.174Z] [runtime-status] [21464] Attempting to listen to socketPath: \\?\pipe\C:\Users\raiaj\Documents\University of Essex CS 10_7_18\Year 3\Gitlab\ce301_rai_ajaya\MVP\bro-online-functions\functions\21464 {"metadata":{"emulator":{"name":"functions"},"function":{"name":"api"},"message":"[runtime-status] [21464] Attempting to listen to socketPath: \\\\?\\pipe\\C:\\Users\\raiaj\\Documents\\University of Essex CS 10_7_18\\Year 3\\Gitlab\\ce301_rai_ajaya\\MVP\\bro-online-functions\\functions\\21464"}}
[debug] [2020-10-30T19:10:41.178Z] [functions] Runtime ready! Sending request! {"metadata":{"emulator":{"name":"functions"},"message":"[functions] Runtime ready! Sending request!"}}
[debug] [2020-10-30T19:10:41.185Z] [runtime-status] [21464] Ephemeral server handling GET request {"metadata":{"emulator":{"name":"functions"},"function":{"name":"api"},"message":"[runtime-status] [21464] Ephemeral server handling GET request"}}
[debug] [2020-10-30T19:10:41.191Z] [runtime-status] [21464] Ephemeral server survived. {"metadata":{"emulator":{"name":"functions"},"function":{"name":"api"},"message":"[runtime-status] [21464] Ephemeral server survived."}}
[info] i  functions: Finished "api" in ~1s {"metadata":{"emulator":{"name":"functions"},"function":{"name":"api"},"message":"Finished \"api\" in ~1s"}}
[debug] [2020-10-30T19:10:41.194Z] [worker-api-00ef505e-3e47-401a-91a2-aed4d6405658]: IDLE {"metadata":{"emulator":{"name":"functions"},"message":"[worker-api-00ef505e-3e47-401a-91a2-aed4d6405658]: IDLE"}}
[debug] [2020-10-30T19:10:41.194Z] [work-queue] {"queueLength":0,"workRunningCount":0}
